  main.cpp
c:\users\thinkpad\source\repos\规范格式代码\c++\矩阵\矩阵\matrix.h(36): warning C4018: “>”: 有符号/无符号不匹配
  c:\users\thinkpad\source\repos\规范格式代码\c++\矩阵\矩阵\matrix.h(33): note: 编译 类 模板 成员函数 "matrix<int> &matrix<int>::operator =(const std::initializer_list<std::initializer_list<object>> &)" 时
          with
          [
              object=int
          ]
  c:\users\thinkpad\source\repos\规范格式代码\c++\矩阵\矩阵\main.cpp(7): note: 参见对正在编译的函数 模板 实例化“matrix<int> &matrix<int>::operator =(const std::initializer_list<std::initializer_list<object>> &)”的引用
          with
          [
              object=int
          ]
  c:\users\thinkpad\source\repos\规范格式代码\c++\矩阵\矩阵\main.cpp(5): note: 参见对正在编译的 类 模板 实例化 "matrix<int>" 的引用
c:\users\thinkpad\source\repos\规范格式代码\c++\矩阵\矩阵\matrix.h(40): error C2676: 二进制“[”:“const std::initializer_list<std::initializer_list<object>>”不定义该运算符或到预定义运算符可接收的类型的转换
          with
          [
              object=int
          ]
c:\users\thinkpad\source\repos\规范格式代码\c++\矩阵\矩阵\matrix.h(40): error C2088: “[”: 对于 class 非法
c:\users\thinkpad\source\repos\规范格式代码\c++\矩阵\矩阵\matrix.h(40): error C2672: “copy”: 未找到匹配的重载函数
c:\users\thinkpad\source\repos\规范格式代码\c++\矩阵\矩阵\matrix.h(40): error C2780: “_DestTy *std::copy(_InIt,_InIt,_DestTy (&)[_DestSize])”: 应输入 3 个参数，却提供了 2 个
  c:\program files (x86)\microsoft visual studio\2017\professional\vc\tools\msvc\14.16.27023\include\xutility(2453): note: 参见“std::copy”的声明
c:\users\thinkpad\source\repos\规范格式代码\c++\矩阵\矩阵\matrix.h(40): error C2780: “_OutIt std::copy(_InIt,_InIt,_OutIt)”: 应输入 3 个参数，却提供了 2 个
  c:\program files (x86)\microsoft visual studio\2017\professional\vc\tools\msvc\14.16.27023\include\xutility(2439): note: 参见“std::copy”的声明
